{"C:\\Users\\caleteet\\Source\\Public\\kx-vscode\\src\\utils\\workspace.ts": {"path":"C:\\Users\\caleteet\\Source\\Public\\kx-vscode\\src\\utils\\workspace.ts","statementMap":{"0":{"start":{"line":14,"column":0},"end":{"line":14,"column":35}},"1":{"start":{"line":20,"column":4},"end":{"line":20,"column":74}},"2":{"start":{"line":22,"column":2},"end":{"line":25,"column":null}},"3":{"start":{"line":23,"column":18},"end":{"line":23,"column":63}},"4":{"start":{"line":24,"column":4},"end":{"line":24,"column":16}},"5":{"start":{"line":27,"column":2},"end":{"line":27,"column":23}},"6":{"start":{"line":16,"column":0},"end":{"line":16,"column":16}},"7":{"start":{"line":31,"column":2},"end":{"line":33,"column":4}},"8":{"start":{"line":30,"column":0},"end":{"line":30,"column":16}}},"fnMap":{"0":{"name":"getWorkspaceRoot","decl":{"start":{"line":16,"column":16},"end":{"line":16,"column":32}},"loc":{"start":{"line":17,"column":34},"end":{"line":28,"column":1}}},"1":{"name":"isWorkspaceOpen","decl":{"start":{"line":30,"column":16},"end":{"line":30,"column":31}},"loc":{"start":{"line":30,"column":31},"end":{"line":34,"column":1}}}},"branchMap":{"0":{"loc":{"start":{"line":17,"column":29},"end":{"line":17,"column":34}},"type":"default-arg","locations":[{"start":{"line":17,"column":29},"end":{"line":17,"column":34}}]},"1":{"loc":{"start":{"line":20,"column":4},"end":{"line":20,"column":30}},"type":"binary-expr","locations":[{"start":{"line":20,"column":4},"end":{"line":20,"column":30}},{"start":{"line":20,"column":34},"end":{"line":20,"column":74}}]},"2":{"loc":{"start":{"line":22,"column":2},"end":{"line":25,"column":null}},"type":"if","locations":[{"start":{"line":22,"column":2},"end":{"line":25,"column":null}},{"start":{"line":22,"column":2},"end":{"line":25,"column":null}}]},"3":{"loc":{"start":{"line":22,"column":6},"end":{"line":22,"column":33}},"type":"binary-expr","locations":[{"start":{"line":22,"column":6},"end":{"line":22,"column":33}},{"start":{"line":22,"column":37},"end":{"line":22,"column":53}}]},"4":{"loc":{"start":{"line":32,"column":4},"end":{"line":32,"column":30}},"type":"binary-expr","locations":[{"start":{"line":32,"column":4},"end":{"line":32,"column":30}},{"start":{"line":32,"column":34},"end":{"line":32,"column":74}}]}},"s":{"0":1,"1":2,"2":2,"3":1,"4":1,"5":1,"6":1,"7":2,"8":1},"f":{"0":2,"1":2},"b":{"0":[2],"1":[2,1],"2":[1,1],"3":[2,1],"4":[2,1]}}
}
